\BOOKMARK [1][-]{section.1}{Tema}{}
\BOOKMARK [1][-]{section.2}{Introducci\363n}{}
\BOOKMARK [1][-]{section.3}{Descripci\363n}{}
\BOOKMARK [2][-]{subsection.3.1}{EJEMPLO}{section.3}
\BOOKMARK [1][-]{section.4}{Automata del Compilador}{}
\BOOKMARK [1][-]{section.5}{Analizador L\351xico Archivo lexer.flex}{}
\BOOKMARK [2][-]{subsection.5.1}{Codigo de Usuario}{section.5}
\BOOKMARK [2][-]{subsection.5.2}{Directivas}{section.5}
\BOOKMARK [2][-]{subsection.5.3}{Reglas para Expresiones Regulares}{section.5}
\BOOKMARK [1][-]{section.6}{Analizador Sint\341ctico Archivo parser.cup}{}
\BOOKMARK [2][-]{subsection.6.1}{Definici\363n de paquete y sentencias import.}{section.6}
\BOOKMARK [2][-]{subsection.6.2}{Secci\363n de c\363digo de usuario}{section.6}
\BOOKMARK [2][-]{subsection.6.3}{Declaraci\363n de s\355mbolos terminales y no terminales}{section.6}
\BOOKMARK [2][-]{subsection.6.4}{Definici\363n del s\355mbolo inicial de la gram\341tica y las reglas de producci\363n}{section.6}
\BOOKMARK [1][-]{section.7}{Resultados}{}
\BOOKMARK [2][-]{subsection.7.1}{Archivo de Entrada entrada.txt}{section.7}
\BOOKMARK [2][-]{subsection.7.2}{Salida por consola Compilador}{section.7}
\BOOKMARK [2][-]{subsection.7.3}{Errores}{section.7}
\BOOKMARK [1][-]{section.8}{Links del Repositorio}{}
\BOOKMARK [2][-]{subsection.8.1}{C\363digo Fuente: Compilador y Documento en Latex}{section.8}
\BOOKMARK [2][-]{subsection.8.2}{Repositorio de archivos academicos }{section.8}
\BOOKMARK [1][-]{section.9}{Conclusiones}{}
\BOOKMARK [1][-]{section.10}{Bibliograf\355a}{}
